<?xml version="1.0" encoding="UTF-8"?>
<!-- Generated by org.testng.reporters.JUnitReportReporter -->
<testsuite hostname="TYSS-Shobha" failures="0" tests="2" name="campaigns.CreateCampaignsTest" time="21.161" errors="0" timestamp="2024-11-05T08:31:06 IST" skipped="0">
  <testcase classname="campaigns.CreateCampaignsTest" name="m1" time="7.651"/>
  <testcase classname="campaigns.CreateCampaignsTest" name="createCampaignsTest" time="13.510"/>
</testsuite> <!-- campaigns.CreateCampaignsTest -->
