<?xml version="1.0" encoding="UTF-8"?>
<!-- Generated by org.testng.reporters.JUnitReportReporter -->
<testsuite hostname="TYSS-Shobha" failures="0" tests="1" name="product.CreateProductTest" time="15.861" errors="0" timestamp="2024-11-05T08:31:06 IST" skipped="0">
  <testcase classname="product.CreateProductTest" name="createProductTest" time="15.861"/>
</testsuite> <!-- product.CreateProductTest -->
