<?xml version="1.0" encoding="UTF-8"?>
<!-- Generated by org.testng.reporters.JUnitReportReporter -->
<testsuite hostname="TYSS-Shobha" failures="0" tests="1" name="campaigns.CreateCampaignWithProductTest" time="58.560" errors="0" timestamp="2024-11-05T08:31:06 IST" skipped="0">
  <testcase classname="campaigns.CreateCampaignWithProductTest" name="createCampaignWithProductTest" time="58.560"/>
</testsuite> <!-- campaigns.CreateCampaignWithProductTest -->
